Determining if the pthread_create exist failed with the following output:
Change Dir: /home/yyw/sim_scout_ws/build/CMakeFiles/CMakeTmp

Run Build Command:"/usr/bin/make" "cmTC_c614c/fast"
/usr/bin/make -f CMakeFiles/cmTC_c614c.dir/build.make CMakeFiles/cmTC_c614c.dir/build
make[1]: Entering directory '/home/yyw/sim_scout_ws/build/CMakeFiles/CMakeTmp'
Building C object CMakeFiles/cmTC_c614c.dir/CheckSymbolExists.c.o
/usr/bin/cc    -o CMakeFiles/cmTC_c614c.dir/CheckSymbolExists.c.o   -c /home/yyw/sim_scout_ws/build/CMakeFiles/CMakeTmp/CheckSymbolExists.c
Linking C executable cmTC_c614c
/usr/local/lib/python2.7/dist-packages/cmake/data/bin/cmake -E cmake_link_script CMakeFiles/cmTC_c614c.dir/link.txt --verbose=1
/usr/bin/cc      -rdynamic CMakeFiles/cmTC_c614c.dir/CheckSymbolExists.c.o  -o cmTC_c614c 
CMakeFiles/cmTC_c614c.dir/CheckSymbolExists.c.o: In function `main':
CheckSymbolExists.c:(.text+0x16): undefined reference to `pthread_create'
collect2: error: ld returned 1 exit status
CMakeFiles/cmTC_c614c.dir/build.make:86: recipe for target 'cmTC_c614c' failed
make[1]: *** [cmTC_c614c] Error 1
make[1]: Leaving directory '/home/yyw/sim_scout_ws/build/CMakeFiles/CMakeTmp'
Makefile:121: recipe for target 'cmTC_c614c/fast' failed
make: *** [cmTC_c614c/fast] Error 2

File /home/yyw/sim_scout_ws/build/CMakeFiles/CMakeTmp/CheckSymbolExists.c:
/* */
#include <pthread.h>

int main(int argc, char** argv)
{
  (void)argv;
#ifndef pthread_create
  return ((int*)(&pthread_create))[argc];
#else
  (void)argc;
  return 0;
#endif
}

Determining if the function pthread_create exists in the pthreads failed with the following output:
Change Dir: /home/yyw/sim_scout_ws/build/CMakeFiles/CMakeTmp

Run Build Command:"/usr/bin/make" "cmTC_590d5/fast"
/usr/bin/make -f CMakeFiles/cmTC_590d5.dir/build.make CMakeFiles/cmTC_590d5.dir/build
make[1]: Entering directory '/home/yyw/sim_scout_ws/build/CMakeFiles/CMakeTmp'
Building C object CMakeFiles/cmTC_590d5.dir/CheckFunctionExists.c.o
/usr/bin/cc   -DCHECK_FUNCTION_EXISTS=pthread_create   -o CMakeFiles/cmTC_590d5.dir/CheckFunctionExists.c.o   -c /usr/local/lib/python2.7/dist-packages/cmake/data/share/cmake-3.12/Modules/CheckFunctionExists.c
Linking C executable cmTC_590d5
/usr/local/lib/python2.7/dist-packages/cmake/data/bin/cmake -E cmake_link_script CMakeFiles/cmTC_590d5.dir/link.txt --verbose=1
/usr/bin/cc  -DCHECK_FUNCTION_EXISTS=pthread_create    -rdynamic CMakeFiles/cmTC_590d5.dir/CheckFunctionExists.c.o  -o cmTC_590d5 -lpthreads 
/usr/bin/ld: cannot find -lpthreads
collect2: error: ld returned 1 exit status
CMakeFiles/cmTC_590d5.dir/build.make:86: recipe for target 'cmTC_590d5' failed
make[1]: *** [cmTC_590d5] Error 1
make[1]: Leaving directory '/home/yyw/sim_scout_ws/build/CMakeFiles/CMakeTmp'
Makefile:121: recipe for target 'cmTC_590d5/fast' failed
make: *** [cmTC_590d5/fast] Error 2


